<?xml version="1.0" encoding="UTF-8"?>
<!-- Generated by org.testng.reporters.JUnitReportReporter -->
<testsuite hostname="Sonal" failures="0" tests="1" name="testCases.TC002_LoginTest" time="5.293" errors="0" timestamp="2024-08-21T10:31:15 IST" skipped="0">
  <testcase classname="testCases.TC002_LoginTest" name="verify_login" time="5.293"/>
  <system-out/>
</testsuite> <!-- testCases.TC002_LoginTest -->
